<?xml version="1.0" encoding="UTF-8"?>
<TestRun id="2e669746-adb8-41f1-9751-eb7873bfc4d0" name="byrnewil@BYRNEWIL1 2014-09-10 16:50:19" runUser="EMEA\byrnewil" xmlns="http://microsoft.com/schemas/VisualStudio/TeamTest/2006">
  <TestRunConfiguration name="Local Test Run" id="26b719a4-ce89-4f9b-9f14-578e2c58d769">
    <Description>This is a default test run configuration for a local test run.</Description>
    <Deployment runDeploymentRoot="C:\Users\byrnewil\Documents\Visual Studio 2008\Projects\BankCS\TestResults\byrnewil_BYRNEWIL1 2014-09-10 16_50_19">
      <DeploymentItem filename="C:\Users\byrnewil\Documents\Visual Studio 2008\Projects\BankCS\BankCS\bin\Debug\BankCS.dll" />
    </Deployment>
    <TestTypeSpecific />
  </TestRunConfiguration>
  <ResultSummary outcome="Completed">
    <Counters total="1" executed="1" passed="1" error="0" failed="0" timeout="0" aborted="0" inconclusive="0" passedButRunAborted="0" notRunnable="0" notExecuted="0" disconnected="0" warning="0" completed="0" inProgress="0" pending="0" />
  </ResultSummary>
  <Times creation="2014-09-10T16:50:19.7144879+01:00" queuing="2014-09-10T16:50:19.9165081+01:00" start="2014-09-10T16:50:19.9845149+01:00" finish="2014-09-10T16:50:20.2865451+01:00" />
  <TestDefinitions>
    <UnitTest name="CreditTest" storage="c:\users\byrnewil\documents\visual studio 2008\projects\bankcs\testproject1\bin\debug\testproject1.dll" id="3d49e94a-181e-0b7d-0122-782b0cd1b904">
      <Css projectStructure="" iteration="" />
      <Owners>
        <Owner name="" />
      </Owners>
      <Execution id="a6719ee0-ec5d-4f5d-9a1b-5fc0f91fff8f" />
      <TestMethod codeBase="C:\Users\byrnewil\Documents\Visual Studio 2008\Projects\BankCS\TestProject1\bin\Debug\TestProject1.dll" adapterTypeName="Microsoft.VisualStudio.TestTools.TestTypes.Unit.UnitTestAdapter, Microsoft.VisualStudio.QualityTools.Tips.UnitTest.Adapter, Version=9.0.0.0, Culture=neutral, PublicKeyToken=b03f5f7f11d50a3a" className="TestProject1.BankAccountTest, TestProject1" name="CreditTest" />
    </UnitTest>
  </TestDefinitions>
  <TestLists>
    <TestList name="Results Not in a List" id="8c84fa94-04c1-424b-9868-57a2d4851a1d" />
    <TestList name="All Loaded Results" id="19431567-8539-422a-85d7-44ee4e166bda" />
  </TestLists>
  <TestEntries>
    <TestEntry testId="3d49e94a-181e-0b7d-0122-782b0cd1b904" executionId="a6719ee0-ec5d-4f5d-9a1b-5fc0f91fff8f" testListId="8c84fa94-04c1-424b-9868-57a2d4851a1d" />
  </TestEntries>
  <Results>
    <UnitTestResult executionId="a6719ee0-ec5d-4f5d-9a1b-5fc0f91fff8f" testId="3d49e94a-181e-0b7d-0122-782b0cd1b904" testName="CreditTest" computerName="BYRNEWIL1" duration="00:00:00.0358650" startTime="2014-09-10T16:50:19.9865151+01:00" endTime="2014-09-10T16:50:20.2795444+01:00" testType="13cdc9d9-ddb5-4fa4-a97d-d965ccfc6d4b" outcome="Passed" testListId="8c84fa94-04c1-424b-9868-57a2d4851a1d">
      <Output>
      </Output>
    </UnitTestResult>
  </Results>
</TestRun>